---------------------------------------------------
M.U.G.E.N ver 1.1.0 Beta 1 P1 (2013.08.11) status log
---------------------------------------------------
Parsing command line...
Command line: C:\Users\vinic\Desktop\mugen-1.1b1\mugen.exe
Parse command line OK
Initializing...
Allocating game variables
Reading configuration file...Setting language "en".
OK
Initializing timer...performance timer enabled...frequency 10000000...OK
Initializing keyboard...configuring...OK
Initializing input engine...OK
Initializing sound...OK
Initializing BGM...  OK
Initializing graphics...gameCoord 1280x720...render mode 0_16...trying 1280x720x16 mode 0x0...success...OK
Setting callbacks...OK
Initializing font...OK
Initializing game variables...OK
Session RNG seed is 1611113426
Loading system fonts...OK
Loading options...
Initializing pads...OK
Reinitializing input engine...OK
Remapping keys...OK
Reinitializing input engine...OK
Options loaded OK
Loading system...
  Load system file system.def...OK
  Load system spr...OK
  Load system snd...OK
  Load system fonts...OK
  Load system anim...OK
  Load [Title Info]...OK
  Load [Option Info]...OK
  Load [Select Info]...OK
  Load [VS Screen]...OK
  Load [Victory Screen]...OK
  Load [Demo Mode]...OK
  Load [Continue Screen]...OK
  Load [Game Over Screen]...OK
  Load [Win Screen]...OK
  Load [Survival Results Screen]...OK
  Load [Default Ending]...OK
  Load [End Credits]...OK
  Load TitleBG...VersusBG...VictoryBG...SelectBG...OptionBG...OK
  Loading fight data
    Opening fight data file data/mugen1/fight.def...OK
    Reading [Files]...OK
    Loading fonts...OK
    Load fight anim...OK
    Reading [Lifebar]...[Turns Lifebar]...[Simul Lifebar]...[Powerbar]...
    [Face]...[Simul Face]...[Turns Face]...
    [Name]...[Simul Name]...[Turns Name]...
    [Time]...[Combo]...[Round]...[WinIcon]...OK
    Allocating explods...OK
  Fight data loaded OK
Lua initing
Lua init complete
System loaded OK
Initialize OK
Set up graphics...timer...OK

Entering gameflow loop
Gameflow 0
Gameflow 1
Gameflow 2
Initializing character info...OK
Initializing select screen...finding characters...OK
Gameflow 3
Gameflow 4
Entering mode select.
Unloading match assets
Freeing players
Game loop init
Mode select init
End of mode select loop
Game loop deinit
Gameflow 6
Reset persist vars team 0
Reset persist vars team 1
Gameflow 7
Entering character select.
Unloading match assets
Freeing players
Game loop init
Unreserved all palettes
Charsel init
Life power and time reset
Game loop deinit
Canceled character select.
Gameflow 4
Entering mode select.
Unloading match assets
Freeing players
Game loop init
Mode select init
End of mode select loop
Game loop deinit
Gameflow 5
Entering options screen.
Unloading match assets
Freeing players
Game loop init
Options screen init
Config keys menu
Setting up input
Remapping keys...OK
Reinitializing input engine...OK
Return from config keys menu
End of options screen loop
Game loop deinit
Gameflow 4
Entering mode select.
Unloading match assets
Freeing players
Game loop init
Mode select init
End of mode select loop
Game loop deinit
Gameflow 6
Reset persist vars team 0
Reset persist vars team 1
Gameflow 7
Entering character select.
Unloading match assets
Freeing players
Game loop init
Unreserved all palettes
Charsel init
Life power and time reset
Selected char 2 on teamslot 0.0
Char Jin.def (2) request pal 1 FFF (FFF) -> reserved 1 (FFD)
Loading character chars/Jin/Jin.def...
  Loading info...OK
  Loading cmd command set Code/Jin.comd...OK
  Loading cns Code/Jin.cns...OK
  Loading cns Code/Specials.st...OK
  Loading cns Code/Supers.st...OK
  Loading cns Code/Sys.st...OK
  Loading cns Code/Min2.st...OK
  Loading cns Code/Voices.st...OK
  Loading cmd state entry Code/Jin.comd...OK
  Loading common states common1.cns...OK
  Loading sff Rsc/Jin.sff...OK
  Loading anim Rsc/Jin.air...OK
  Loading snd Rsc/Jin.snd...End of charsel loop
Game loop deinit
Gameflow 8
Char kfm720.def (1) request pal 7 3F (3F) -> reserved 1 (3D)
Gameflow 9
Gameflow 10
Entering versus screen.
Unloading match assets
Freeing players
Game loop init
Versus screen init
OK
  Loading pals...OK
  14131 expressions (5505 on trigger lines)
Character Jin.def loaded OK
New char Jin Kazama loaded into cache: (1/4 cached) Load time: 300.000ms
Loading character chars/kfm720/kfm720.def...
  Loading info...OK
  Loading cmd command set kfm720.cmd...OK
  Loading cns kfm720.cns...OK
  Loading cmd state entry kfm720.cmd...OK
  Loading common states common1.cns...OK
  Loading sff kfm720.sff...OK
  Loading anim kfm720.air...OK
  Loading snd kfm.snd...OK
  Loading pals...OK
  Loading learned AI kfm720.ai...OK
  3011 expressions (978 on trigger lines)
Character kfm720.def loaded OK
New char Kung Fu Man 720 loaded into cache: (2/4 cached) Load time: 40.000ms
Player Jin Kazama cache count reduced: 0
Player Kung Fu Man 720 cache count reduced: 0
End of versus screen loop
Game loop deinit
Gameflow 11
Loading match assets...
Loading stage...
  Loading BG...OK
Stage loaded OK
  Allocating helpers...OK
Match RNG seed: 1156367702
Reset persist vars team 1
Player Jin Kazama cache count increased: 1
Player Kung Fu Man 720 cache count increased: 1
Resetting round
Match assets initialized OK
Game loop init
Match loop init
End of match loop
Total time: 15.97s
Total frames: 959 	Skipped frames: 0
Avg game rate: 60.05
Avg frame rate: 60.05

Finishing match
Freeing players
Save persist vars P56 Jin Kazama
Player Jin Kazama cache count reduced: 0
Save persist vars P57 Kung Fu Man 720
Player Kung Fu Man 720 cache count reduced: 0
Match RNG closed
Game loop deinit
Gameflow 6
Reset persist vars team 0
Reset persist vars team 1
Gameflow 7
Entering character select.
Unloading match assets
Freeing players
Unloading stage...OK
Game loop init
Unreserved all palettes
Charsel init
Game loop deinit
Canceled character select.
Gameflow 4
Entering mode select.
Unloading match assets
Freeing players
Game loop init
Mode select init
End of mode select loop
Game loop deinit
Gameflow 6
Reset persist vars team 0
Reset persist vars team 1
Gameflow 7
Entering character select.
Unloading match assets
Freeing players
Game loop init
Unreserved all palettes
Charsel init
Selected char 2 on teamslot 0.0
Char Jin.def (2) request pal 2 FFF (FFF) -> reserved 2 (FFB)
Selected char 1 on teamslot 1.0
Char kfm720.def (1) request pal 2 3F (3F) -> reserved 2 (3B)
End of charsel loop
Game loop deinit
Gameflow 8
Gameflow 9
Gameflow 10
Entering versus screen.
Unloading match assets
Freeing players
Game loop init
Versus screen init
End of versus screen loop
Game loop deinit
Gameflow 11
Loading match assets...
Loading stage...
  Loading BG...OK
Stage loaded OK
  Allocating helpers...OK
Match RNG seed: 1438251847
Reset persist vars team 0
Reset persist vars team 1
Player Jin Kazama cache count increased: 1
Player Kung Fu Man 720 cache count increased: 1
Resetting round
Match assets initialized OK
Game loop init
Match loop init
End of match loop
Total time: 49.04s
Total frames: 2943 	Skipped frames: 0
Avg game rate: 60.01
Avg frame rate: 60.01

Finishing match
Freeing players
Save persist vars P56 Jin Kazama
Player Jin Kazama cache count reduced: 0
Save persist vars P57 Kung Fu Man 720
Player Kung Fu Man 720 cache count reduced: 0
Match RNG closed
Game loop deinit
Gameflow 6
Reset persist vars team 0
Reset persist vars team 1
Gameflow 7
Entering character select.
Unloading match assets
Freeing players
Unloading stage...OK
Game loop init
Unreserved all palettes
Charsel init
Game loop deinit
Canceled character select.
Gameflow 4
Entering mode select.
Unloading match assets
Freeing players
Game loop init
Mode select init
End of mode select loop
Game loop deinit
Returned from gameflow loop
Deinitializing...
Frames      : 7204
Time elapsed: 147.940 sec
ticks: 14794, tps: 100, start 41, end 14835

Unloading match assets
Freeing players
Clearing player cache...Freeing player RC Kung Fu Man 720...CMD...CNS...SFF...AIR...SND...Misc...OK
Freeing player RC Jin Kazama...CMD...CNS...SFF...AIR...SND...Misc...OK
OK
Freeing character info...OK
Freeing select screen...OK
Freeing fight data...OK
Freeing system data...OK
Freeing game variables...Unloading match assets
Freeing players
OK
Deinitializing input...pad...keyboard...OK
Removing callbacks...OK
Deintializing timer...OK
Deinitializing graphics...OK
Deinitializing BGM...OK
Deinitializing sound...OK
Successful program termination.

Log file successfully closed.
